0 info it worked if it ends with ok
1 verbose cli [ 'C:\\Program Files\\nodejs\\node.exe',
1 verbose cli   'C:\\Program Files\\nodejs\\node_modules\\npm\\bin\\npm-cli.js',
1 verbose cli   'run',
1 verbose cli   'coveralls' ]
2 info using npm@3.10.10
3 info using node@v6.9.4
4 verbose run-script [ 'precoveralls', 'coveralls', 'postcoveralls' ]
5 info lifecycle my-dairy@1.0.0~precoveralls: my-dairy@1.0.0
6 silly lifecycle my-dairy@1.0.0~precoveralls: no script for precoveralls, continuing
7 info lifecycle my-dairy@1.0.0~coveralls: my-dairy@1.0.0
8 verbose lifecycle my-dairy@1.0.0~coveralls: unsafe-perm in lifecycle true
9 verbose lifecycle my-dairy@1.0.0~coveralls: PATH: C:\Program Files\nodejs\node_modules\npm\bin\node-gyp-bin;C:\A_TECH\Software\Web\NodeProjects\MyDiary1\node_modules\.bin;C:\Users\GOZMAN VICTOR\bin;C:\Program Files\Git\mingw64\bin;C:\Program Files\Git\usr\local\bin;C:\Program Files\Git\usr\bin;C:\Program Files\Git\usr\bin;C:\Program Files\Git\mingw64\bin;C:\Program Files\Git\usr\bin;C:\Users\GOZMAN VICTOR\bin;C:\Program Files (x86)\ImageMagick-7.0.7-Q16;C:\Program Files\Docker\Docker\Resources\bin;C:\ProgramData\Oracle\Java\javapath;C:\WINDOWS\system32;C:\WINDOWS;C:\WINDOWS\System32\Wbem;C:\WINDOWS\System32\WindowsPowerShell\v1.0;C:\Program Files\nodejs;C:\xampp\php;C:\ProgramData\ComposerSetup\bin;C:\Program Files\Microsoft SQL Server\130\Tools\Binn;C:\Program Files\dotnet;C:\Program Files\Git\cmd;C:\Program Files\Git\mingw64\bin;C:\Program Files\Git\usr\bin;C:\SQlite;C:\Program Files\MongoDB\Server\3.6\bin;C:\PostgreSQL\pg10\bin;C:\xampp\apache\bin;C:\memcached;C:\Program Files (x86)\gs\gs9.23\bin;C:\Users\GOZMAN VICTOR\AppData\Local\Programs\Python\Python36\Scripts;C:\Users\GOZMAN VICTOR\AppData\Local\Programs\Python\Python36;C:\Ruby24-x64\bin;C:\Users\GOZMAN VICTOR\AppData\Local\Microsoft\WindowsApps;C:\Users\GOZMAN VICTOR\AppData\Roaming\npm;C:\Users\GOZMAN VICTOR\AppData\Roaming\Composer\vendor\bin;C:\Program Files\Microsoft VS Code\bin;C:\SQlite;C:\Program Files\Heroku\bin;C:\Program Files\Git\usr\bin\vendor_perl;C:\Program Files\Git\usr\bin\core_perl
10 verbose lifecycle my-dairy@1.0.0~coveralls: CWD: C:\A_TECH\Software\Web\NodeProjects\MyDiary1
11 silly lifecycle my-dairy@1.0.0~coveralls: Args: [ '/d /s /c',
11 silly lifecycle   'npm run cover -- --report lcovonly && cat coveralls | coverage/lcov.info' ]
12 silly lifecycle my-dairy@1.0.0~coveralls: Returned: code: 255  signal: null
13 info lifecycle my-dairy@1.0.0~coveralls: Failed to exec coveralls script
14 verbose stack Error: my-dairy@1.0.0 coveralls: `npm run cover -- --report lcovonly && cat coveralls | coverage/lcov.info`
14 verbose stack Exit status 255
14 verbose stack     at EventEmitter.<anonymous> (C:\Program Files\nodejs\node_modules\npm\lib\utils\lifecycle.js:255:16)
14 verbose stack     at emitTwo (events.js:106:13)
14 verbose stack     at EventEmitter.emit (events.js:191:7)
14 verbose stack     at ChildProcess.<anonymous> (C:\Program Files\nodejs\node_modules\npm\lib\utils\spawn.js:40:14)
14 verbose stack     at emitTwo (events.js:106:13)
14 verbose stack     at ChildProcess.emit (events.js:191:7)
14 verbose stack     at maybeClose (internal/child_process.js:877:16)
14 verbose stack     at Process.ChildProcess._handle.onexit (internal/child_process.js:226:5)
15 verbose pkgid my-dairy@1.0.0
16 verbose cwd C:\A_TECH\Software\Web\NodeProjects\MyDiary1
17 error Windows_NT 10.0.16299
18 error argv "C:\\Program Files\\nodejs\\node.exe" "C:\\Program Files\\nodejs\\node_modules\\npm\\bin\\npm-cli.js" "run" "coveralls"
19 error node v6.9.4
20 error npm  v3.10.10
21 error code ELIFECYCLE
22 error my-dairy@1.0.0 coveralls: `npm run cover -- --report lcovonly && cat coveralls | coverage/lcov.info`
22 error Exit status 255
23 error Failed at the my-dairy@1.0.0 coveralls script 'npm run cover -- --report lcovonly && cat coveralls | coverage/lcov.info'.
23 error Make sure you have the latest version of node.js and npm installed.
23 error If you do, this is most likely a problem with the my-dairy package,
23 error not with npm itself.
23 error Tell the author that this fails on your system:
23 error     npm run cover -- --report lcovonly && cat coveralls | coverage/lcov.info
23 error You can get information on how to open an issue for this project with:
23 error     npm bugs my-dairy
23 error Or if that isn't available, you can get their info via:
23 error     npm owner ls my-dairy
23 error There is likely additional logging output above.
24 verbose exit [ 1, true ]
